-------------------------------------------------------------------------------
Test set: com.app.service.MyServiceImplTest
-------------------------------------------------------------------------------
Tests run: 4, Failures: 1, Errors: 0, Skipped: 0, Time elapsed: 0.003 s <<< FAILURE! - in com.app.service.MyServiceImplTest
testIsValidPrimeNumber  Time elapsed: 0 s  <<< FAILURE!
org.opentest4j.AssertionFailedError: Not yet implemented
	at com.app.service.MyServiceImplTest.testIsValidPrimeNumber(MyServiceImplTest.java:30)

